[INFO] [log] level=DEBUG
[INFO] [net] Network stack initialized.
[INFO] [net] Ensure Wi-Fi is connected before streaming.
[INFO] [log] remote TCP log upload configured host=192.168.1.40 port=28772
[INFO] [scpd] description resources ready.
[INFO] [player] auto resolve libmpv_available=1 mock_available=1
[INFO] [player-libmpv] init mode=control-only ao=null vo=null net_timeout=20s tls_verify=no
[INFO] [player] init backend=libmpv
[INFO] [soap] SOAP control module started.
[INFO] [http-server] listening on :49152
[INFO] [ssdp] Responder ready on http://192.168.1.7:49152/device.xml
[INFO] [dlna] Control layer initialized (HTTP/SCPD on :49152).
[INFO] [ui] NX-Cast starting. Press + to exit.
[INFO] [ui] Use Up/Down, sticks, or touch drag to scroll logs.
[DEBUG] [http-server] recv 192.168.1.40:50329 -> POST http://192.168.1.7:49152/upnp/control/AVTransport bytes=710
[DEBUG] [soap] HTTP POST http://192.168.1.7:49152/upnp/control/AVTransport bytes=710
[DEBUG] [soap] route service=AVTransport action=SetAVTransportURI soapAction="urn:schemas-upnp-org:service:AVTransport:1#SetAVTransportURI"
[DEBUG] [soap] recv packet endpoint=/upnp/control/AVTransport body_bytes=467
[INFO] [soap] soap_call "AVTransport" "SetAVTransportURI" <InstanceID>0</InstanceID> <CurrentURI>https://test-videos.co.uk/vids/bigbuckbunny/mp4/h264/720/Big_Buck_Bunny_720_10s_1MB.mp4</CurrentURI>
[DEBUG] [soap-router] matched AVTransport#SetAVTransportURI -> avtransport_set_uri
[DEBUG] [soap-arg] required arg service=AVTransport action=SetAVTransportURI arg=InstanceID value=0
[DEBUG] [soap-arg] required arg service=AVTransport action=SetAVTransportURI arg=CurrentURI value=https://test-videos.co.uk/vids/bigbuckbunny/mp4/h264/720/Big_Buck_Bunny_720_10s_1MB.mp4
[INFO] [player-libmpv] set_uri uri=https://test-videos.co.uk/vids/bigbuckbunny/mp4/h264/720/Big_Buck_Bunny_720_10s_1MB.mp4 metadata_len=0
[DEBUG] [player-libmpv] event START_FILE
[DEBUG] [soap] send packet endpoint=/upnp/control/AVTransport status=200 bytes=404
[INFO] [soap] assert_http_200 service=AVTransport action=SetAVTransportURI handler=avtransport_set_uri
[DEBUG] [http-server] send endpoint=/upnp/control/AVTransport bytes=404 handled=1
[DEBUG] [http-server] recv 192.168.1.40:50330 -> POST http://192.168.1.7:49152/upnp/control/AVTransport bytes=534
[DEBUG] [soap] HTTP POST http://192.168.1.7:49152/upnp/control/AVTransport bytes=534
[DEBUG] [soap] route service=AVTransport action=Play soapAction="urn:schemas-upnp-org:service:AVTransport:1#Play"
[DEBUG] [soap] recv packet endpoint=/upnp/control/AVTransport body_bytes=304
[INFO] [soap] soap_call "AVTransport" "Play" <InstanceID>0</InstanceID> <Speed>1</Speed>
[DEBUG] [soap-router] matched AVTransport#Play -> avtransport_play
[DEBUG] [soap-arg] required arg service=AVTransport action=Play arg=InstanceID value=0
[DEBUG] [soap-arg] required arg service=AVTransport action=Play arg=Speed value=1
[INFO] [player-libmpv] play reloaded=1
[DEBUG] [soap] send packet endpoint=/upnp/control/AVTransport status=200 bytes=378
[INFO] [soap] assert_http_200 service=AVTransport action=Play handler=avtransport_play
[DEBUG] [http-server] send endpoint=/upnp/control/AVTransport bytes=378 handled=1
[DEBUG] [http-server] recv 192.168.1.40:50331 -> POST http://192.168.1.7:49152/upnp/control/AVTransport bytes=554
[DEBUG] [soap] HTTP POST http://192.168.1.7:49152/upnp/control/AVTransport bytes=554
[DEBUG] [soap] route service=AVTransport action=GetTransportInfo soapAction="urn:schemas-upnp-org:service:AVTransport:1#GetTransportInfo"
[DEBUG] [soap] recv packet endpoint=/upnp/control/AVTransport body_bytes=312
[INFO] [soap] soap_call "AVTransport" "GetTransportInfo" <InstanceID>0</InstanceID>
[DEBUG] [soap-router] matched AVTransport#GetTransportInfo -> avtransport_get_transport_info
[DEBUG] [soap-arg] optional arg service=AVTransport action=GetTransportInfo arg=InstanceID value=0
[DEBUG] [soap] send packet endpoint=/upnp/control/AVTransport status=200 bytes=545
[INFO] [soap] assert_http_200 service=AVTransport action=GetTransportInfo handler=avtransport_get_transport_info
[DEBUG] [http-server] send endpoint=/upnp/control/AVTransport bytes=545 handled=1
[DEBUG] [http-server] recv 192.168.1.40:50349 -> POST http://192.168.1.7:49152/upnp/control/AVTransport bytes=672
[DEBUG] [soap] HTTP POST http://192.168.1.7:49152/upnp/control/AVTransport bytes=672
[DEBUG] [soap] route service=AVTransport action=SetAVTransportURI soapAction="urn:schemas-upnp-org:service:AVTransport:1#SetAVTransportURI"
[DEBUG] [soap] recv packet endpoint=/upnp/control/AVTransport body_bytes=429
[INFO] [soap] soap_call "AVTransport" "SetAVTransportURI" <InstanceID>0</InstanceID> <CurrentURI>https://test-streams.mux.dev/x36xhzz/x36xhzz.m3u8</CurrentURI>
[DEBUG] [soap-router] matched AVTransport#SetAVTransportURI -> avtransport_set_uri
[DEBUG] [soap-arg] required arg service=AVTransport action=SetAVTransportURI arg=InstanceID value=0
[DEBUG] [soap-arg] required arg service=AVTransport action=SetAVTransportURI arg=CurrentURI value=https://test-streams.mux.dev/x36xhzz/x36xhzz.m3u8
[INFO] [player-libmpv] event END_FILE reason=stop error=none
[DEBUG] [player-libmpv] event START_FILE
[INFO] [player-libmpv] event FILE_LOADED
[INFO] [player-libmpv] set_uri uri=https://test-streams.mux.dev/x36xhzz/x36xhzz.m3u8 metadata_len=0
[DEBUG] [soap] send packet endpoint=/upnp/control/AVTransport status=200 bytes=404
[INFO] [soap] assert_http_200 service=AVTransport action=SetAVTransportURI handler=avtransport_set_uri
[DEBUG] [http-server] send endpoint=/upnp/control/AVTransport bytes=404 handled=1
[DEBUG] [http-server] recv 192.168.1.40:50350 -> POST http://192.168.1.7:49152/upnp/control/AVTransport bytes=534
[DEBUG] [soap] HTTP POST http://192.168.1.7:49152/upnp/control/AVTransport bytes=534
[DEBUG] [soap] route service=AVTransport action=Play soapAction="urn:schemas-upnp-org:service:AVTransport:1#Play"
[DEBUG] [soap] recv packet endpoint=/upnp/control/AVTransport body_bytes=304
[INFO] [soap] soap_call "AVTransport" "Play" <InstanceID>0</InstanceID> <Speed>1</Speed>
[DEBUG] [soap-router] matched AVTransport#Play -> avtransport_play
[DEBUG] [soap-arg] required arg service=AVTransport action=Play arg=InstanceID value=0
[DEBUG] [soap-arg] required arg service=AVTransport action=Play arg=Speed value=1
[INFO] [player-libmpv] play reloaded=0
[DEBUG] [soap] send packet endpoint=/upnp/control/AVTransport status=200 bytes=378
[INFO] [soap] assert_http_200 service=AVTransport action=Play handler=avtransport_play
[DEBUG] [http-server] send endpoint=/upnp/control/AVTransport bytes=378 handled=1
[DEBUG] [http-server] recv 192.168.1.40:50351 -> POST http://192.168.1.7:49152/upnp/control/AVTransport bytes=554
[DEBUG] [soap] HTTP POST http://192.168.1.7:49152/upnp/control/AVTransport bytes=554
[DEBUG] [soap] route service=AVTransport action=GetTransportInfo soapAction="urn:schemas-upnp-org:service:AVTransport:1#GetTransportInfo"
[DEBUG] [soap] recv packet endpoint=/upnp/control/AVTransport body_bytes=312
[INFO] [soap] soap_call "AVTransport" "GetTransportInfo" <InstanceID>0</InstanceID>
[DEBUG] [soap-router] matched AVTransport#GetTransportInfo -> avtransport_get_transport_info
[DEBUG] [soap-arg] optional arg service=AVTransport action=GetTransportInfo arg=InstanceID value=0
[INFO] [player-libmpv] event END_FILE reason=stop error=none
[DEBUG] [player-libmpv] event START_FILE
[ERROR] [player-libmpv] mpv[ffmpeg/error] tls: mbedtls_ssl_read returned -0x0
[WARN] [player-libmpv] mpv[ffmpeg/warn] https: Will reconnect at 262144 in 0 second(s), error=I/O error.
[WARN] [player-libmpv] mpv[ffmpeg/demuxer/warn] mov,mp4,m4a,3gp,3g2,mj2: Packet corrupt (stream = 0, dts = 35328).
[ERROR] [player-libmpv] mpv[ffmpeg/error] NULL: Invalid NAL unit size (11936 > 8656).
[ERROR] [player-libmpv] mpv[ffmpeg/error] NULL: missing picture in access unit with size 8660
[DEBUG] [soap] send packet endpoint=/upnp/control/AVTransport status=200 bytes=537
[INFO] [soap] assert_http_200 service=AVTransport action=GetTransportInfo handler=avtransport_get_transport_info
[DEBUG] [http-server] send endpoint=/upnp/control/AVTransport bytes=537 handled=1
[INFO] [ssdp] Responder stopped.
[INFO] [http-server] stopped.
[INFO] [player-libmpv] deinit
[INFO] [player] deinit backend=libmpv
[INFO] [soap] SOAP control module stopped.
[INFO] [scpd] description resources stopped.
[INFO] [dlna] Control layer stopped.
[INFO] [log] uploading history to remote receiver before exit.
